{"level":"info","message":"Register User endpoint...","service":"identity-service","timestamp":"2025-01-21T14:30:47.450Z"}
{"0":"b","1":"a","2":"h","3":"u","4":"l","level":"info","message":"User created successfully","service":"identity-service","timestamp":"2025-01-21T14:30:47.624Z"}
{"level":"info","message":"Register User endpoint...","service":"identity-service","timestamp":"2025-01-21T14:30:59.094Z"}
{"level":"error","message":"AppError: User already exist\n    at registerUserController (C:\\Users\\misba\\OneDrive\\Desktop\\code\\backend\\microservice\\identity-service\\src\\controllers\\identity.controller.ts:23:19)","service":"identity-service","timestamp":"2025-01-21T14:30:59.105Z"}
{"level":"info","message":"Register User endpoint...","service":"identity-service","timestamp":"2025-01-21T14:31:12.806Z"}
{"issues":[{"code":"invalid_string","message":"Invalid Email","path":["email"],"validation":"email"}],"level":"error","message":"Validation Error [\n  {\n    \"validation\": \"email\",\n    \"code\": \"invalid_string\",\n    \"message\": \"Invalid Email\",\n    \"path\": [\n      \"email\"\n    ]\n  }\n]","name":"ZodError","service":"identity-service","stack":"ZodError: [\n  {\n    \"validation\": \"email\",\n    \"code\": \"invalid_string\",\n    \"message\": \"Invalid Email\",\n    \"path\": [\n      \"email\"\n    ]\n  }\n]\n    at Object.get error [as error] (C:\\Users\\misba\\OneDrive\\Desktop\\code\\backend\\microservice\\identity-service\\node_modules\\zod\\lib\\types.js:55:31)\n    at ZodObject.parse (C:\\Users\\misba\\OneDrive\\Desktop\\code\\backend\\microservice\\identity-service\\node_modules\\zod\\lib\\types.js:131:22)\n    at Function.validate (C:\\Users\\misba\\OneDrive\\Desktop\\code\\backend\\microservice\\identity-service\\src\\validation\\zod.validation.ts:7:27)\n    at registerUserController (C:\\Users\\misba\\OneDrive\\Desktop\\code\\backend\\microservice\\identity-service\\src\\controllers\\identity.controller.ts:14:37)\n    at Layer.handle [as handle_request] (C:\\Users\\misba\\OneDrive\\Desktop\\code\\backend\\microservice\\identity-service\\node_modules\\express\\lib\\router\\layer.js:95:5)\n    at next (C:\\Users\\misba\\OneDrive\\Desktop\\code\\backend\\microservice\\identity-service\\node_modules\\express\\lib\\router\\route.js:149:13)\n    at Route.dispatch (C:\\Users\\misba\\OneDrive\\Desktop\\code\\backend\\microservice\\identity-service\\node_modules\\express\\lib\\router\\route.js:119:3)\n    at Layer.handle [as handle_request] (C:\\Users\\misba\\OneDrive\\Desktop\\code\\backend\\microservice\\identity-service\\node_modules\\express\\lib\\router\\layer.js:95:5)\n    at C:\\Users\\misba\\OneDrive\\Desktop\\code\\backend\\microservice\\identity-service\\node_modules\\express\\lib\\router\\index.js:284:15\n    at Function.process_params (C:\\Users\\misba\\OneDrive\\Desktop\\code\\backend\\microservice\\identity-service\\node_modules\\express\\lib\\router\\index.js:346:12)","timestamp":"2025-01-21T14:31:12.811Z"}
{"level":"error","message":"Error: Validation Error\n    at Function.validate (C:\\Users\\misba\\OneDrive\\Desktop\\code\\backend\\microservice\\identity-service\\src\\validation\\zod.validation.ts:11:23)\n    at registerUserController (C:\\Users\\misba\\OneDrive\\Desktop\\code\\backend\\microservice\\identity-service\\src\\controllers\\identity.controller.ts:14:37)\n    at Layer.handle [as handle_request] (C:\\Users\\misba\\OneDrive\\Desktop\\code\\backend\\microservice\\identity-service\\node_modules\\express\\lib\\router\\layer.js:95:5)\n    at next (C:\\Users\\misba\\OneDrive\\Desktop\\code\\backend\\microservice\\identity-service\\node_modules\\express\\lib\\router\\route.js:149:13)\n    at Route.dispatch (C:\\Users\\misba\\OneDrive\\Desktop\\code\\backend\\microservice\\identity-service\\node_modules\\express\\lib\\router\\route.js:119:3)\n    at Layer.handle [as handle_request] (C:\\Users\\misba\\OneDrive\\Desktop\\code\\backend\\microservice\\identity-service\\node_modules\\express\\lib\\router\\layer.js:95:5)\n    at C:\\Users\\misba\\OneDrive\\Desktop\\code\\backend\\microservice\\identity-service\\node_modules\\express\\lib\\router\\index.js:284:15\n    at Function.process_params (C:\\Users\\misba\\OneDrive\\Desktop\\code\\backend\\microservice\\identity-service\\node_modules\\express\\lib\\router\\index.js:346:12)\n    at next (C:\\Users\\misba\\OneDrive\\Desktop\\code\\backend\\microservice\\identity-service\\node_modules\\express\\lib\\router\\index.js:280:10)\n    at Function.handle (C:\\Users\\misba\\OneDrive\\Desktop\\code\\backend\\microservice\\identity-service\\node_modules\\express\\lib\\router\\index.js:175:3)","service":"identity-service","timestamp":"2025-01-21T14:31:12.815Z"}
{"level":"info","message":"Register User endpoint...","service":"identity-service","timestamp":"2025-01-21T14:31:40.916Z"}
{"0":"l","1":"o","2":"n","3":"t","4":"o","5":"n","6":"g","7":"1","8":"2","9":"3","level":"info","message":"User created successfully","service":"identity-service","timestamp":"2025-01-21T14:31:40.988Z"}
{"level":"info","message":"⚡️[server]: Server is running at http://localhost:3001","service":"identity-service","timestamp":"2025-01-23T14:08:52.922Z"}
{"level":"info","message":"Received POST request for /api/sregsiter","service":"identity-service","timestamp":"2025-01-23T14:09:18.232Z"}
{"level":"info","message":"Reques body, [object Object]","service":"identity-service","timestamp":"2025-01-23T14:09:18.233Z"}
{"level":"info","message":"Received POST request for /api/register","service":"identity-service","timestamp":"2025-01-23T14:09:23.808Z"}
{"level":"info","message":"Reques body, [object Object]","service":"identity-service","timestamp":"2025-01-23T14:09:23.809Z"}
{"level":"info","message":"Received POST request for /api/auth/register","service":"identity-service","timestamp":"2025-01-23T14:09:38.377Z"}
{"level":"info","message":"Reques body, [object Object]","service":"identity-service","timestamp":"2025-01-23T14:09:38.378Z"}
{"level":"info","message":"Register User endpoint...","service":"identity-service","timestamp":"2025-01-23T14:09:38.385Z"}
{"0":"l","1":"o","2":"n","3":"t","4":"o","5":"n","6":"g","7":"1","8":"2","9":"3","level":"info","message":"User created successfully","service":"identity-service","timestamp":"2025-01-23T14:09:38.685Z"}
{"level":"info","message":"Received POST request for /api/auth/register","service":"identity-service","timestamp":"2025-01-23T14:09:43.660Z"}
{"level":"info","message":"Reques body, [object Object]","service":"identity-service","timestamp":"2025-01-23T14:09:43.662Z"}
{"level":"info","message":"Register User endpoint...","service":"identity-service","timestamp":"2025-01-23T14:09:43.664Z"}
{"level":"error","message":"AppError: User already exists\n    at REGISTER (C:\\Users\\misba\\OneDrive\\Desktop\\code\\backend\\microservice\\identity-service\\src\\controllers\\identity.controller.ts:28:15)","service":"identity-service","timestamp":"2025-01-23T14:09:43.671Z"}
{"level":"info","message":"⚡️[server]: Server is running at http://localhost:3001","service":"identity-service","timestamp":"2025-01-23T14:12:05.793Z"}
{"level":"info","message":"⚡️[server]: Server is running at http://localhost:3001","service":"identity-service","timestamp":"2025-01-23T14:12:51.166Z"}
{"level":"info","message":"⚡️[server]: Server is running at http://localhost:3001","service":"identity-service","timestamp":"2025-01-23T14:15:39.346Z"}
